  1. Check Array Formation Through Concatenation.cpp
C:\Users\dsahu\source\repos\ConsoleApplication3\ConsoleApplication3\1. Check Array Formation Through Concatenation.cpp(11,25): warning C4018: '<': signed/unsigned mismatch
C:\Users\dsahu\source\repos\ConsoleApplication3\ConsoleApplication3\1. Check Array Formation Through Concatenation.cpp(15,26): warning C4018: '<': signed/unsigned mismatch
C:\Users\dsahu\source\repos\ConsoleApplication3\ConsoleApplication3\1. Check Array Formation Through Concatenation.cpp(20,31): warning C4018: '<': signed/unsigned mismatch
  11.Smallest Subtree with all the Deepest Nodes.cpp
  12. Burst Balloons.cpp
C:\Users\dsahu\source\repos\ConsoleApplication3\ConsoleApplication3\12. Burst Balloons.cpp(27,25): warning C4018: '<': signed/unsigned mismatch
  13. Palindrome Partitioning.cpp
  14. Squares of a Sorted Array.cpp
C:\Users\dsahu\source\repos\ConsoleApplication3\ConsoleApplication3\14. Squares of a Sorted Array.cpp(33,24): warning C4018: '<': signed/unsigned mismatch
  15. Validate Binary Search Tree.cpp
  16. 4Sum II.cpp
C:\Users\dsahu\source\repos\ConsoleApplication3\ConsoleApplication3\16. 4Sum II.cpp(14,26): warning C4018: '<': signed/unsigned mismatch
C:\Users\dsahu\source\repos\ConsoleApplication3\ConsoleApplication3\16. 4Sum II.cpp(16,30): warning C4018: '<': signed/unsigned mismatch
C:\Users\dsahu\source\repos\ConsoleApplication3\ConsoleApplication3\16. 4Sum II.cpp(28,27): warning C4018: '<': signed/unsigned mismatch
C:\Users\dsahu\source\repos\ConsoleApplication3\ConsoleApplication3\16. 4Sum II.cpp(30,31): warning C4018: '<': signed/unsigned mismatch
  17. Increasing Triplet Subsequence.cpp
C:\Users\dsahu\source\repos\ConsoleApplication3\ConsoleApplication3\17. Increasing Triplet Subsequence.cpp(13,25): warning C4018: '<': signed/unsigned mismatch
  19. Decoded String at Index.cpp
C:\Users\dsahu\source\repos\ConsoleApplication3\ConsoleApplication3\19. Decoded String at Index.cpp(28,33): warning C4018: '<': signed/unsigned mismatch
  2. Find a Corresponding Node of a Binary Tree in a Clone of That Tree.cpp
  20. Smallest Range II.cpp
  3. Beautiful Arrangement.cpp
  4. Merge Two Sorted Lists.cpp
  667. Beautiful Arrangement II.cpp
C:\Users\dsahu\source\repos\ConsoleApplication3\ConsoleApplication3\667. Beautiful Arrangement II.cpp(28,27): warning C4018: '<': signed/unsigned mismatch
  8. Binary Tree Tilt.cpp
  Generating Code...
Debug\LinkedList.obj : warning LNK4042: object specified more than once; extras ignored
4. Merge Two Sorted Lists.obj : error LNK2019: unresolved external symbol "struct ListNode * __cdecl createList(int *,int)" (?createList@@YAPAUListNode@@PAHH@Z) referenced in function _main
4. Merge Two Sorted Lists.obj : error LNK2019: unresolved external symbol "void __cdecl printList(struct ListNode *)" (?printList@@YAXPAUListNode@@@Z) referenced in function _main
C:\Users\dsahu\source\repos\ConsoleApplication3\Debug\leetcode.exe : fatal error LNK1120: 2 unresolved externals
