c:\users\dsahu\source\repos\consoleapplication3\consoleapplication3\consoleapplication3\x64\debug\vc142.pdb
c:\users\dsahu\source\repos\consoleapplication3\consoleapplication3\consoleapplication3\x64\debug\vc142.idb
c:\users\dsahu\source\repos\consoleapplication3\consoleapplication3\consoleapplication3\x64\debug\102. binary tree level order traversal.obj
c:\users\dsahu\source\repos\consoleapplication3\consoleapplication3\consoleapplication3\x64\debug\1004. max consecutive ones iii.obj
c:\users\dsahu\source\repos\consoleapplication3\consoleapplication3\consoleapplication3\x64\debug\100. same tree.obj
c:\users\dsahu\source\repos\consoleapplication3\consoleapplication3\consoleapplication3\x64\debug\10.search insert position.obj
c:\users\dsahu\source\repos\consoleapplication3\consoleapplication3\consoleapplication3\x64\debug\10.flatten a multilevel doubly linked list.obj
c:\users\dsahu\source\repos\consoleapplication3\consoleapplication3\consoleapplication3\x64\debug\10.find the town judge.obj
c:\users\dsahu\source\repos\consoleapplication3\consoleapplication3\consoleapplication3\x64\debug\10. remove duplicates from sorted array ii.obj
c:\users\dsahu\source\repos\consoleapplication3\consoleapplication3\consoleapplication3\x64\debug\10. flipping an image.obj
c:\users\dsahu\source\repos\consoleapplication3\consoleapplication3\consoleapplication3\x64\debug\10. excel sheet column number.obj
c:\users\dsahu\source\repos\consoleapplication3\consoleapplication3\consoleapplication3\x64\debug\10. create sorted array through instructions.obj
c:\users\dsahu\source\repos\consoleapplication3\consoleapplication3\consoleapplication3\x64\debug\1.paint house.obj
c:\users\dsahu\source\repos\consoleapplication3\consoleapplication3\consoleapplication3\x64\debug\1.invert binary tree.obj
c:\users\dsahu\source\repos\consoleapplication3\consoleapplication3\consoleapplication3\x64\debug\1.detect capital.obj
c:\users\dsahu\source\repos\consoleapplication3\consoleapplication3\consoleapplication3\x64\debug\1.arranging coins.obj
c:\users\dsahu\source\repos\consoleapplication3\consoleapplication3\consoleapplication3\x64\debug\1. maximum depth of binary tree.obj
c:\users\dsahu\source\repos\consoleapplication3\consoleapplication3\consoleapplication3\x64\debug\1. maximum average subtree.obj
c:\users\dsahu\source\repos\consoleapplication3\consoleapplication3\consoleapplication3\x64\debug\1. making a large island.obj
c:\users\dsahu\source\repos\consoleapplication3\consoleapplication3\consoleapplication3\x64\debug\1. largest time for given digits.obj
c:\users\dsahu\source\repos\consoleapplication3\consoleapplication3\consoleapplication3\x64\debug\1. convert binary number in a linked list to integer.obj
c:\users\dsahu\source\repos\consoleapplication3\consoleapplication3\consoleapplication3\x64\debug\1. check array formation through concatenation.obj
c:\users\dsahu\source\repos\consoleapplication3\consoleapplication3\consoleapplication3\x64\debug\1213. intersection of three sorted arrays.obj
c:\users\dsahu\source\repos\consoleapplication3\consoleapplication3\consoleapplication3\x64\debug\120. triangle.obj
c:\users\dsahu\source\repos\consoleapplication3\consoleapplication3\consoleapplication3\x64\debug\12.single element in a sorted array.obj
c:\users\dsahu\source\repos\consoleapplication3\consoleapplication3\consoleapplication3\x64\debug\12.reverse bits.obj
c:\users\dsahu\source\repos\consoleapplication3\consoleapplication3\consoleapplication3\x64\debug\12. permutations ii.obj
c:\users\dsahu\source\repos\consoleapplication3\consoleapplication3\consoleapplication3\x64\debug\12. burst balloons.obj
c:\users\dsahu\source\repos\consoleapplication3\consoleapplication3\consoleapplication3\x64\debug\12. add two numbers.obj
c:\users\dsahu\source\repos\consoleapplication3\consoleapplication3\consoleapplication3\x64\debug\1144. decrease elements to make array zigzag.obj
c:\users\dsahu\source\repos\consoleapplication3\consoleapplication3\consoleapplication3\x64\debug\1120. maximum average subtree.obj
c:\users\dsahu\source\repos\consoleapplication3\consoleapplication3\consoleapplication3\x64\debug\11.subsets.obj
c:\users\dsahu\source\repos\consoleapplication3\consoleapplication3\consoleapplication3\x64\debug\11.sort colors.obj
c:\users\dsahu\source\repos\consoleapplication3\consoleapplication3\consoleapplication3\x64\debug\11.smallest subtree with all the deepest nodes.obj
c:\users\dsahu\source\repos\consoleapplication3\consoleapplication3\consoleapplication3\x64\debug\11.h-index.obj
c:\users\dsahu\source\repos\consoleapplication3\consoleapplication3\consoleapplication3\x64\debug\11.flood fill.obj
c:\users\dsahu\source\repos\consoleapplication3\consoleapplication3\consoleapplication3\x64\debug\11. valid square.obj
c:\users\dsahu\source\repos\consoleapplication3\consoleapplication3\consoleapplication3\x64\debug\11. merge sorted array.obj
c:\users\dsahu\source\repos\consoleapplication3\consoleapplication3\consoleapplication3\x64\debug\11. diameter of binary tree.obj
c:\users\dsahu\source\repos\consoleapplication3\consoleapplication3\consoleapplication3\x64\debug\1053. previous permutation with one swap.obj
c:\users\dsahu\source\repos\consoleapplication3\consoleapplication3\consoleapplication3\x64\debug\1047. remove all adjacent duplicates in string.obj
c:\users\dsahu\source\repos\consoleapplication3\consoleapplication3\consoleapplication3\x64\debug\1021. remove outermost parentheses.obj
c:\users\dsahu\source\repos\consoleapplication3\consoleapplication3\consoleapplication3\x64\debug\139. word break.obj
c:\users\dsahu\source\repos\consoleapplication3\consoleapplication3\consoleapplication3\x64\debug\1389. create target array in the given order.obj
c:\users\dsahu\source\repos\consoleapplication3\consoleapplication3\consoleapplication3\x64\debug\1382. balance a binary search tree.obj
c:\users\dsahu\source\repos\consoleapplication3\consoleapplication3\consoleapplication3\x64\debug\1379. find a corresponding node of a binary tree in a clone of that tree.obj
c:\users\dsahu\source\repos\consoleapplication3\consoleapplication3\consoleapplication3\x64\debug\1374. generate a string with characters that have odd counts.obj
c:\users\dsahu\source\repos\consoleapplication3\consoleapplication3\consoleapplication3\x64\debug\1370. increasing decreasing string.obj
c:\users\dsahu\source\repos\consoleapplication3\consoleapplication3\consoleapplication3\x64\debug\1365. how many numbers are smaller than the current number.obj
c:\users\dsahu\source\repos\consoleapplication3\consoleapplication3\consoleapplication3\x64\debug\1361. validate binary tree nodes.obj
c:\users\dsahu\source\repos\consoleapplication3\consoleapplication3\consoleapplication3\x64\debug\136. single number.obj
c:\users\dsahu\source\repos\consoleapplication3\consoleapplication3\consoleapplication3\x64\debug\13.remove k digits.obj
c:\users\dsahu\source\repos\consoleapplication3\consoleapplication3\consoleapplication3\x64\debug\13.largest divisible subset.obj
c:\users\dsahu\source\repos\consoleapplication3\consoleapplication3\consoleapplication3\x64\debug\13. same tree.obj
c:\users\dsahu\source\repos\consoleapplication3\consoleapplication3\consoleapplication3\x64\debug\13. populating next right pointers in each node.obj
c:\users\dsahu\source\repos\consoleapplication3\consoleapplication3\consoleapplication3\x64\debug\13. palindrome partitioning.obj
c:\users\dsahu\source\repos\consoleapplication3\consoleapplication3\consoleapplication3\x64\debug\13. boats to save people.obj
c:\users\dsahu\source\repos\consoleapplication3\consoleapplication3\consoleapplication3\x64\debug\1275. find winner on a tic tac toe game.obj
c:\users\dsahu\source\repos\consoleapplication3\consoleapplication3\consoleapplication3\x64\debug\1249. minimum remove to make valid parentheses.obj
c:\users\dsahu\source\repos\consoleapplication3\consoleapplication3\consoleapplication3\x64\debug\124. binary tree maximum path sum.obj
c:\users\dsahu\source\repos\consoleapplication3\consoleapplication3\consoleapplication3\x64\debug\1221. split a string in balanced strings.obj
c:\users\dsahu\source\repos\consoleapplication3\consoleapplication3\consoleapplication3\x64\debug\1216. valid palindrome iii.obj
c:\users\dsahu\source\repos\consoleapplication3\consoleapplication3\consoleapplication3\x64\debug\15.search in a binary search tree.obj
c:\users\dsahu\source\repos\consoleapplication3\consoleapplication3\consoleapplication3\x64\debug\15.reverse words in a string.obj
c:\users\dsahu\source\repos\consoleapplication3\consoleapplication3\consoleapplication3\x64\debug\15.maximum sum circular subarray.obj
c:\users\dsahu\source\repos\consoleapplication3\consoleapplication3\consoleapplication3\x64\debug\15. validate binary search tree.obj
c:\users\dsahu\source\repos\consoleapplication3\consoleapplication3\consoleapplication3\x64\debug\15. spiral matrix.obj
c:\users\dsahu\source\repos\consoleapplication3\consoleapplication3\consoleapplication3\x64\debug\15. non-overlapping intervals.obj
c:\users\dsahu\source\repos\consoleapplication3\consoleapplication3\consoleapplication3\x64\debug\1436. destination city.obj
c:\users\dsahu\source\repos\consoleapplication3\consoleapplication3\consoleapplication3\x64\debug\1431. kids with the greatest number of candies.obj
c:\users\dsahu\source\repos\consoleapplication3\consoleapplication3\consoleapplication3\x64\debug\14.implement trie (prefix tree).obj
c:\users\dsahu\source\repos\consoleapplication3\consoleapplication3\consoleapplication3\x64\debug\14.cheapest flights within k stops.obj
c:\users\dsahu\source\repos\consoleapplication3\consoleapplication3\consoleapplication3\x64\debug\14.angle between hands of a clock.obj
c:\users\dsahu\source\repos\consoleapplication3\consoleapplication3\consoleapplication3\x64\debug\15. range sum of bst.obj
c:\users\dsahu\source\repos\consoleapplication3\consoleapplication3\consoleapplication3\x64\debug\15. get maximum in generated array.obj
c:\users\dsahu\source\repos\consoleapplication3\consoleapplication3\consoleapplication3\x64\debug\1498. number of subsequences that satisfy the given sum condition.obj
c:\users\dsahu\source\repos\consoleapplication3\consoleapplication3\consoleapplication3\x64\debug\146. lru cache.obj
c:\users\dsahu\source\repos\consoleapplication3\consoleapplication3\consoleapplication3\x64\debug\1428. leftmost column with at least a one.obj
c:\users\dsahu\source\repos\consoleapplication3\consoleapplication3\consoleapplication3\x64\debug\140. word break ii.obj
c:\users\dsahu\source\repos\consoleapplication3\consoleapplication3\consoleapplication3\x64\debug\14. squares of a sorted array.obj
c:\users\dsahu\source\repos\consoleapplication3\consoleapplication3\consoleapplication3\x64\debug\14. minimum operations to reduce x to zero.obj
c:\users\dsahu\source\repos\consoleapplication3\consoleapplication3\consoleapplication3\x64\debug\14. longest palindrome.obj
c:\users\dsahu\source\repos\consoleapplication3\consoleapplication3\consoleapplication3\x64\debug\17.surrounded regions.obj
c:\users\dsahu\source\repos\consoleapplication3\consoleapplication3\consoleapplication3\x64\debug\17.mirror reflection.obj
c:\users\dsahu\source\repos\consoleapplication3\consoleapplication3\consoleapplication3\x64\debug\17.find all anagrams in a string.obj
c:\users\dsahu\source\repos\consoleapplication3\consoleapplication3\consoleapplication3\x64\debug\17.distribute candies to people.obj
c:\users\dsahu\source\repos\consoleapplication3\consoleapplication3\consoleapplication3\x64\debug\17. top k frequent elements.obj
c:\users\dsahu\source\repos\consoleapplication3\consoleapplication3\consoleapplication3\x64\debug\17. letter combinations of a phone number.obj
c:\users\dsahu\source\repos\consoleapplication3\consoleapplication3\consoleapplication3\x64\debug\17. increasing triplet subsequence.obj
c:\users\dsahu\source\repos\consoleapplication3\consoleapplication3\consoleapplication3\x64\debug\17. count sorted vowel strings.obj
c:\users\dsahu\source\repos\consoleapplication3\consoleapplication3\consoleapplication3\x64\debug\168. excel sheet column title.obj
c:\users\dsahu\source\repos\consoleapplication3\consoleapplication3\consoleapplication3\x64\debug\163. missing ranges.obj
c:\users\dsahu\source\repos\consoleapplication3\consoleapplication3\consoleapplication3\x64\debug\162. find peak element.obj
c:\users\dsahu\source\repos\consoleapplication3\consoleapplication3\consoleapplication3\x64\debug\16.validate ip address.obj
c:\users\dsahu\source\repos\consoleapplication3\consoleapplication3\consoleapplication3\x64\debug\16.odd even linked list.obj
c:\users\dsahu\source\repos\consoleapplication3\consoleapplication3\consoleapplication3\x64\debug\16. longest mountain in array.obj
c:\users\dsahu\source\repos\consoleapplication3\consoleapplication3\consoleapplication3\x64\debug\16. kth largest element in an array.obj
c:\users\dsahu\source\repos\consoleapplication3\consoleapplication3\consoleapplication3\x64\debug\16. best time to buy and sell stock iii.obj
c:\users\dsahu\source\repos\consoleapplication3\consoleapplication3\consoleapplication3\x64\debug\16. 4sum ii.obj
c:\users\dsahu\source\repos\consoleapplication3\consoleapplication3\consoleapplication3\x64\debug\16. 3sum closest.obj
c:\users\dsahu\source\repos\consoleapplication3\consoleapplication3\consoleapplication3\x64\debug\1570. dot product of two sparse vectors.obj
c:\users\dsahu\source\repos\consoleapplication3\consoleapplication3\consoleapplication3\x64\debug\1522. diameter of n-ary tree.obj
c:\users\dsahu\source\repos\consoleapplication3\consoleapplication3\consoleapplication3\x64\debug\2. insertion sort list.obj
c:\users\dsahu\source\repos\consoleapplication3\consoleapplication3\consoleapplication3\x64\debug\2. find a corresponding node of a binary tree in a clone of that tree.obj
c:\users\dsahu\source\repos\consoleapplication3\consoleapplication3\consoleapplication3\x64\debug\2. array nesting.obj
c:\users\dsahu\source\repos\consoleapplication3\consoleapplication3\consoleapplication3\x64\debug\2. add two numbers.obj
c:\users\dsahu\source\repos\consoleapplication3\consoleapplication3\consoleapplication3\x64\debug\199. binary tree right side view.obj
c:\users\dsahu\source\repos\consoleapplication3\consoleapplication3\consoleapplication3\x64\debug\19.online stock span.obj
c:\users\dsahu\source\repos\consoleapplication3\consoleapplication3\consoleapplication3\x64\debug\19.maximum product of splitted binary tree.obj
c:\users\dsahu\source\repos\consoleapplication3\consoleapplication3\consoleapplication3\x64\debug\19.longest duplicate substring.obj
c:\users\dsahu\source\repos\consoleapplication3\consoleapplication3\consoleapplication3\x64\debug\19.add binary.obj
c:\users\dsahu\source\repos\consoleapplication3\consoleapplication3\consoleapplication3\x64\debug\19. search in rotated sorted array ii.obj
c:\users\dsahu\source\repos\consoleapplication3\consoleapplication3\consoleapplication3\x64\debug\19. goat latin.obj
c:\users\dsahu\source\repos\consoleapplication3\consoleapplication3\consoleapplication3\x64\debug\19. distinct subsequences.obj
c:\users\dsahu\source\repos\consoleapplication3\consoleapplication3\consoleapplication3\x64\debug\19. decoded string at index.obj
c:\users\dsahu\source\repos\consoleapplication3\consoleapplication3\consoleapplication3\x64\debug\18.permutation in string.obj
c:\users\dsahu\source\repos\consoleapplication3\consoleapplication3\consoleapplication3\x64\debug\18.max number of k-sum pairs.obj
c:\users\dsahu\source\repos\consoleapplication3\consoleapplication3\consoleapplication3\x64\debug\18.h-index ii.obj
c:\users\dsahu\source\repos\consoleapplication3\consoleapplication3\consoleapplication3\x64\debug\18.course schedule ii.obj
c:\users\dsahu\source\repos\consoleapplication3\consoleapplication3\consoleapplication3\x64\debug\18. numbers with same consecutive differences.obj
c:\users\dsahu\source\repos\consoleapplication3\consoleapplication3\consoleapplication3\x64\debug\18. expression add operators.obj
c:\users\dsahu\source\repos\consoleapplication3\consoleapplication3\consoleapplication3\x64\debug\18. decode string.obj
c:\users\dsahu\source\repos\consoleapplication3\consoleapplication3\consoleapplication3\x64\debug\21.sort array by parity.obj
c:\users\dsahu\source\repos\consoleapplication3\consoleapplication3\consoleapplication3\x64\debug\21.max consecutive ones.obj
c:\users\dsahu\source\repos\consoleapplication3\consoleapplication3\consoleapplication3\x64\debug\21.dungeon game.obj
c:\users\dsahu\source\repos\consoleapplication3\consoleapplication3\consoleapplication3\x64\debug\21.count square submatrices with all ones.obj
c:\users\dsahu\source\repos\consoleapplication3\consoleapplication3\consoleapplication3\x64\debug\21.balanced binary tree.obj
c:\users\dsahu\source\repos\consoleapplication3\consoleapplication3\consoleapplication3\x64\debug\21. merge two sorted lists.obj
c:\users\dsahu\source\repos\consoleapplication3\consoleapplication3\consoleapplication3\x64\debug\21. house robber iii.obj
c:\users\dsahu\source\repos\consoleapplication3\consoleapplication3\consoleapplication3\x64\debug\209. minimum size subarray sum.obj
c:\users\dsahu\source\repos\consoleapplication3\consoleapplication3\consoleapplication3\x64\debug\20.remove linked list elements.obj
c:\users\dsahu\source\repos\consoleapplication3\consoleapplication3\consoleapplication3\x64\debug\20.permutation sequence.obj
c:\users\dsahu\source\repos\consoleapplication3\consoleapplication3\consoleapplication3\x64\debug\20.numbers at most n given digit set.obj
c:\users\dsahu\source\repos\consoleapplication3\consoleapplication3\consoleapplication3\x64\debug\20.kth smallest element in a bst.obj
c:\users\dsahu\source\repos\consoleapplication3\consoleapplication3\consoleapplication3\x64\debug\20. smallest range ii.obj
c:\users\dsahu\source\repos\consoleapplication3\consoleapplication3\consoleapplication3\x64\debug\20. reorder list.obj
c:\users\dsahu\source\repos\consoleapplication3\consoleapplication3\consoleapplication3\x64\debug\2.linked list random node.obj
c:\users\dsahu\source\repos\consoleapplication3\consoleapplication3\consoleapplication3\x64\debug\2.design hashset.obj
c:\users\dsahu\source\repos\consoleapplication3\consoleapplication3\consoleapplication3\x64\debug\2.delete node in a linked list.obj
c:\users\dsahu\source\repos\consoleapplication3\consoleapplication3\consoleapplication3\x64\debug\2.contains duplicate iii.obj
c:\users\dsahu\source\repos\consoleapplication3\consoleapplication3\consoleapplication3\x64\debug\2.binary tree level order traversal ii.obj
c:\users\dsahu\source\repos\consoleapplication3\consoleapplication3\consoleapplication3\x64\debug\1. max area of island.obj
c:\users\dsahu\source\repos\consoleapplication3\consoleapplication3\consoleapplication3\x64\debug\24.sum of left leaves.obj
c:\users\dsahu\source\repos\consoleapplication3\consoleapplication3\consoleapplication3\x64\debug\24.construct binary search tree from preorder traversal.obj
c:\users\dsahu\source\repos\consoleapplication3\consoleapplication3\consoleapplication3\x64\debug\24.all paths from source to target.obj
c:\users\dsahu\source\repos\consoleapplication3\consoleapplication3\consoleapplication3\x64\debug\24. unique binary search trees.obj
c:\users\dsahu\source\repos\consoleapplication3\consoleapplication3\consoleapplication3\x64\debug\24. swap nodes in pairs.obj
c:\users\dsahu\source\repos\consoleapplication3\consoleapplication3\consoleapplication3\x64\debug\24. longest substring with at least k repeating characters.obj
c:\users\dsahu\source\repos\consoleapplication3\consoleapplication3\consoleapplication3\x64\debug\238. product of array except self.obj
c:\users\dsahu\source\repos\consoleapplication3\consoleapplication3\consoleapplication3\x64\debug\236. lowest common ancestor of a binary tree.obj
c:\users\dsahu\source\repos\consoleapplication3\consoleapplication3\consoleapplication3\x64\debug\234. palindrome linked list.obj
c:\users\dsahu\source\repos\consoleapplication3\consoleapplication3\consoleapplication3\x64\debug\230. kth smallest element in a bst.obj
c:\users\dsahu\source\repos\consoleapplication3\consoleapplication3\consoleapplication3\x64\debug\23.interval list intersections.obj
c:\users\dsahu\source\repos\consoleapplication3\consoleapplication3\consoleapplication3\x64\debug\23.count complete tree nodes.obj
c:\users\dsahu\source\repos\consoleapplication3\consoleapplication3\consoleapplication3\x64\debug\23. stream of characters.obj
c:\users\dsahu\source\repos\consoleapplication3\consoleapplication3\consoleapplication3\x64\debug\23. smallest integer divisible by k.obj
c:\users\dsahu\source\repos\consoleapplication3\consoleapplication3\consoleapplication3\x64\debug\23. merge k sorted lists.obj
c:\users\dsahu\source\repos\consoleapplication3\consoleapplication3\consoleapplication3\x64\debug\22.sort characters by frequency.obj
c:\users\dsahu\source\repos\consoleapplication3\consoleapplication3\consoleapplication3\x64\debug\22.single number ii.obj
c:\users\dsahu\source\repos\consoleapplication3\consoleapplication3\consoleapplication3\x64\debug\22.binary tree zigzag level order traversal.obj
c:\users\dsahu\source\repos\consoleapplication3\consoleapplication3\consoleapplication3\x64\debug\22. next greater element iii.obj
c:\users\dsahu\source\repos\consoleapplication3\consoleapplication3\consoleapplication3\x64\debug\22. maximum length of a concatenated string with unique characters.obj
c:\users\dsahu\source\repos\consoleapplication3\consoleapplication3\consoleapplication3\x64\debug\27.find right interval.obj
c:\users\dsahu\source\repos\consoleapplication3\consoleapplication3\consoleapplication3\x64\debug\27.construct binary tree from inorder and postorder traversal.obj
c:\users\dsahu\source\repos\consoleapplication3\consoleapplication3\consoleapplication3\x64\debug\27. unique email addresses.obj
c:\users\dsahu\source\repos\consoleapplication3\consoleapplication3\consoleapplication3\x64\debug\269. alien dictionary.obj
c:\users\dsahu\source\repos\consoleapplication3\consoleapplication3\consoleapplication3\x64\debug\268. missing number.obj
c:\users\dsahu\source\repos\consoleapplication3\consoleapplication3\consoleapplication3\x64\debug\260. single number iii.obj
c:\users\dsahu\source\repos\consoleapplication3\consoleapplication3\consoleapplication3\x64\debug\26.sum root to leaf numbers.obj
c:\users\dsahu\source\repos\consoleapplication3\consoleapplication3\consoleapplication3\x64\debug\26.contiguous array.obj
c:\users\dsahu\source\repos\consoleapplication3\consoleapplication3\consoleapplication3\x64\debug\26.add digits.obj
c:\users\dsahu\source\repos\consoleapplication3\consoleapplication3\consoleapplication3\x64\debug\26. remove duplicates from sorted array.obj
c:\users\dsahu\source\repos\consoleapplication3\consoleapplication3\consoleapplication3\x64\debug\26. fizz buzz.obj
c:\users\dsahu\source\repos\consoleapplication3\consoleapplication3\consoleapplication3\x64\debug\253. meeting rooms ii.obj
c:\users\dsahu\source\repos\consoleapplication3\consoleapplication3\consoleapplication3\x64\debug\25.uncrossed lines.obj
c:\users\dsahu\source\repos\consoleapplication3\consoleapplication3\consoleapplication3\x64\debug\25.partition equal subset sum.obj
c:\users\dsahu\source\repos\consoleapplication3\consoleapplication3\consoleapplication3\x64\debug\25. reverse nodes in k-group.obj
c:\users\dsahu\source\repos\consoleapplication3\consoleapplication3\consoleapplication3\x64\debug\25.find the duplicate number.obj
c:\users\dsahu\source\repos\consoleapplication3\consoleapplication3\consoleapplication3\x64\debug\25.find minimum in rotated sorted array ii.obj
c:\users\dsahu\source\repos\consoleapplication3\consoleapplication3\consoleapplication3\x64\debug\25. minimum cost for tickets.obj
c:\users\dsahu\source\repos\consoleapplication3\consoleapplication3\consoleapplication3\x64\debug\249. group shifted strings.obj
c:\users\dsahu\source\repos\consoleapplication3\consoleapplication3\consoleapplication3\x64\debug\246. strobogrammatic number.obj
c:\users\dsahu\source\repos\consoleapplication3\consoleapplication3\consoleapplication3\x64\debug\39. combination sum.obj
c:\users\dsahu\source\repos\consoleapplication3\consoleapplication3\consoleapplication3\x64\debug\381. insert delete getrandom o(1) - duplicates allowed.obj
c:\users\dsahu\source\repos\consoleapplication3\consoleapplication3\consoleapplication3\x64\debug\378. kth smallest element in a sorted matrix.obj
c:\users\dsahu\source\repos\consoleapplication3\consoleapplication3\consoleapplication3\x64\debug\311. sparse matrix multiplication.obj
c:\users\dsahu\source\repos\consoleapplication3\consoleapplication3\consoleapplication3\x64\debug\3.subsets ii.obj
c:\users\dsahu\source\repos\consoleapplication3\consoleapplication3\consoleapplication3\x64\debug\3.maximum area of a piece of cake after horizontal and vertical cuts.obj
c:\users\dsahu\source\repos\consoleapplication3\consoleapplication3\consoleapplication3\x64\debug\2. two sums.obj
c:\users\dsahu\source\repos\consoleapplication3\consoleapplication3\consoleapplication3\x64\debug\2. interleaving string.obj
c:\users\dsahu\source\repos\consoleapplication3\consoleapplication3\consoleapplication3\x64\debug\295. find median from data stream.obj
c:\users\dsahu\source\repos\consoleapplication3\consoleapplication3\consoleapplication3\x64\debug\29. split linked list in parts.obj
c:\users\dsahu\source\repos\consoleapplication3\consoleapplication3\consoleapplication3\x64\debug\286. walls and gates.obj
c:\users\dsahu\source\repos\consoleapplication3\consoleapplication3\consoleapplication3\x64\debug\283. move zeroes.obj
c:\users\dsahu\source\repos\consoleapplication3\consoleapplication3\consoleapplication3\x64\debug\28.task scheduler.obj
c:\users\dsahu\source\repos\consoleapplication3\consoleapplication3\consoleapplication3\x64\debug\28.counting bits.obj
c:\users\dsahu\source\repos\consoleapplication3\consoleapplication3\consoleapplication3\x64\debug\28. sort array by parity ii.obj
c:\users\dsahu\source\repos\consoleapplication3\consoleapplication3\consoleapplication3\x64\debug\28. shortest path in a grid with obstacles elimination.obj
c:\users\dsahu\source\repos\consoleapplication3\consoleapplication3\consoleapplication3\x64\debug\273. integer to english words.obj
c:\users\dsahu\source\repos\consoleapplication3\consoleapplication3\consoleapplication3\x64\debug\270. closest binary search tree value.obj
c:\users\dsahu\source\repos\consoleapplication3\consoleapplication3\consoleapplication3\x64\debug\27.possible partition.obj
c:\users\dsahu\source\repos\consoleapplication3\consoleapplication3\consoleapplication3\x64\debug\27.perfect squares.obj
c:\users\dsahu\source\repos\consoleapplication3\consoleapplication3\consoleapplication3\x64\debug\3. increasing order search tree.obj
c:\users\dsahu\source\repos\consoleapplication3\consoleapplication3\consoleapplication3\x64\debug\3. beautiful arrangement.obj
c:\users\dsahu\source\repos\consoleapplication3\consoleapplication3\consoleapplication3\x64\debug\297. serialize and deserialize binary tree.obj
c:\users\dsahu\source\repos\consoleapplication3\consoleapplication3\consoleapplication3\x64\debug\29.course schedule.obj
c:\users\dsahu\source\repos\consoleapplication3\consoleapplication3\consoleapplication3\x64\debug\29. pancake sorting.obj
c:\users\dsahu\source\repos\consoleapplication3\consoleapplication3\consoleapplication3\x64\debug\29. best time to buy and sell stock with cooldown.obj
c:\users\dsahu\source\repos\consoleapplication3\consoleapplication3\consoleapplication3\x64\debug\977. squares of a sorted array.obj
c:\users\dsahu\source\repos\consoleapplication3\consoleapplication3\consoleapplication3\x64\debug\863. all nodes distance k in binary tree.obj
c:\users\dsahu\source\repos\consoleapplication3\consoleapplication3\consoleapplication3\x64\debug\766. toeplitz matrix.obj
c:\users\dsahu\source\repos\consoleapplication3\consoleapplication3\consoleapplication3\x64\debug\739. daily temperatures.obj
c:\users\dsahu\source\repos\consoleapplication3\consoleapplication3\consoleapplication3\x64\debug\724. find pivot index.obj
c:\users\dsahu\source\repos\consoleapplication3\consoleapplication3\consoleapplication3\x64\debug\695. max area of island.obj
c:\users\dsahu\source\repos\consoleapplication3\consoleapplication3\consoleapplication3\x64\debug\666. path sum iv.obj
c:\users\dsahu\source\repos\consoleapplication3\consoleapplication3\consoleapplication3\x64\debug\616. add bold tag in string.obj
c:\users\dsahu\source\repos\consoleapplication3\consoleapplication3\consoleapplication3\x64\debug\51. n-queens.obj
c:\users\dsahu\source\repos\consoleapplication3\consoleapplication3\consoleapplication3\x64\debug\5. stone game.obj
c:\users\dsahu\source\repos\consoleapplication3\consoleapplication3\consoleapplication3\x64\debug\5. maximum performance of a team.obj
c:\users\dsahu\source\repos\consoleapplication3\consoleapplication3\consoleapplication3\x64\debug\4. sum of distances in tree.obj
c:\users\dsahu\source\repos\consoleapplication3\consoleapplication3\consoleapplication3\x64\debug\4. path sum ii.obj
c:\users\dsahu\source\repos\consoleapplication3\consoleapplication3\consoleapplication3\x64\debug\4. open the lock.obj
c:\users\dsahu\source\repos\consoleapplication3\consoleapplication3\consoleapplication3\x64\debug\398. random pick index.obj
c:\users\dsahu\source\repos\consoleapplication3\consoleapplication3\consoleapplication3\x64\debug\340. longest substring with at most k distinct characters.obj
c:\users\dsahu\source\repos\consoleapplication3\consoleapplication3\consoleapplication3\x64\debug\34. find first and last position of element in sorted array.obj
c:\users\dsahu\source\repos\consoleapplication3\consoleapplication3\consoleapplication3\x64\debug\333. largest bst subtree.obj
c:\users\dsahu\source\repos\consoleapplication3\consoleapplication3\consoleapplication3\x64\debug\33. search in rotated sorted array.obj
c:\users\dsahu\source\repos\consoleapplication3\consoleapplication3\consoleapplication3\x64\debug\329. longest increasing path in a matrix.obj
c:\users\dsahu\source\repos\consoleapplication3\consoleapplication3\consoleapplication3\x64\debug\314. binary tree vertical order traversal.obj
c:\users\dsahu\source\repos\consoleapplication3\consoleapplication3\consoleapplication3\x64\debug\31.minimum edit distance.obj
c:\users\dsahu\source\repos\consoleapplication3\consoleapplication3\consoleapplication3\x64\debug\31.delete node in a bst.obj
c:\users\dsahu\source\repos\consoleapplication3\consoleapplication3\consoleapplication3\x64\debug\31.climbing stairs.obj
c:\users\dsahu\source\repos\consoleapplication3\consoleapplication3\consoleapplication3\x64\debug\31. next permutation.obj
c:\users\dsahu\source\repos\consoleapplication3\consoleapplication3\consoleapplication3\x64\debug\301. remove invalid parentheses.obj
c:\users\dsahu\source\repos\consoleapplication3\consoleapplication3\consoleapplication3\x64\debug\30.word search ii.obj
c:\users\dsahu\source\repos\consoleapplication3\consoleapplication3\consoleapplication3\x64\debug\30.k closest points to origin.obj
c:\users\dsahu\source\repos\consoleapplication3\consoleapplication3\consoleapplication3\x64\debug\30. largest component size by common factor.obj
c:\users\dsahu\source\repos\consoleapplication3\consoleapplication3\consoleapplication3\x64\debug\3.valid palindrome.obj
c:\users\dsahu\source\repos\consoleapplication3\consoleapplication3\consoleapplication3\x64\debug\3.two city scheduling.obj
c:\users\dsahu\source\repos\consoleapplication3\consoleapplication3\consoleapplication3\x64\debug\3.repeated substring pattern.obj
c:\users\dsahu\source\repos\consoleapplication3\consoleapplication3\consoleapplication3\x64\debug\3.prison cells after n days.obj
c:\users\dsahu\source\repos\consoleapplication3\consoleapplication3\consoleapplication3\x64\debug\3.consecutive characters.obj
c:\users\dsahu\source\repos\consoleapplication3\consoleapplication3\consoleapplication3\x64\debug\5.queue reconstruction by height.obj
c:\users\dsahu\source\repos\consoleapplication3\consoleapplication3\consoleapplication3\x64\debug\5.hamming distance.obj
c:\users\dsahu\source\repos\consoleapplication3\consoleapplication3\consoleapplication3\x64\debug\5.first unique character in a string.obj
c:\users\dsahu\source\repos\consoleapplication3\consoleapplication3\consoleapplication3\x64\debug\5.add and search word - data structure design.obj
c:\users\dsahu\source\repos\consoleapplication3\consoleapplication3\consoleapplication3\x64\debug\5. remove duplicates from sorted list ii.obj
c:\users\dsahu\source\repos\consoleapplication3\consoleapplication3\consoleapplication3\x64\debug\5. minimum cost to move chips to the same position.obj
c:\users\dsahu\source\repos\consoleapplication3\consoleapplication3\consoleapplication3\x64\debug\5. can place flowers.obj
c:\users\dsahu\source\repos\consoleapplication3\consoleapplication3\consoleapplication3\x64\debug\498. diagonal traverse.obj
c:\users\dsahu\source\repos\consoleapplication3\consoleapplication3\consoleapplication3\x64\debug\438. find all anagrams in a string.obj
c:\users\dsahu\source\repos\consoleapplication3\consoleapplication3\consoleapplication3\x64\debug\43. multiply strings.obj
c:\users\dsahu\source\repos\consoleapplication3\consoleapplication3\consoleapplication3\x64\debug\426. convert binary search tree to sorted doubly linked list.obj
c:\users\dsahu\source\repos\consoleapplication3\consoleapplication3\consoleapplication3\x64\debug\42. trapping rain water.obj
c:\users\dsahu\source\repos\consoleapplication3\consoleapplication3\consoleapplication3\x64\debug\415. add strings.obj
c:\users\dsahu\source\repos\consoleapplication3\consoleapplication3\consoleapplication3\x64\debug\4.ugly number ii.obj
c:\users\dsahu\source\repos\consoleapplication3\consoleapplication3\consoleapplication3\x64\debug\4.reverse string.obj
c:\users\dsahu\source\repos\consoleapplication3\consoleapplication3\consoleapplication3\x64\debug\4.power of four.obj
c:\users\dsahu\source\repos\consoleapplication3\consoleapplication3\consoleapplication3\x64\debug\4. the kth factor of n.obj
c:\users\dsahu\source\repos\consoleapplication3\consoleapplication3\consoleapplication3\x64\debug\4. number complement.obj
c:\users\dsahu\source\repos\consoleapplication3\consoleapplication3\consoleapplication3\x64\debug\4. minimum height trees.obj
c:\users\dsahu\source\repos\consoleapplication3\consoleapplication3\consoleapplication3\x64\debug\4. merge two sorted lists.obj
c:\users\dsahu\source\repos\consoleapplication3\consoleapplication3\consoleapplication3\x64\debug\689. maximum sum of 3 non-overlapping subarrays.obj
c:\users\dsahu\source\repos\consoleapplication3\consoleapplication3\consoleapplication3\x64\debug\680. valid palindrome ii.obj
c:\users\dsahu\source\repos\consoleapplication3\consoleapplication3\consoleapplication3\x64\debug\670. maximum swap.obj
c:\users\dsahu\source\repos\consoleapplication3\consoleapplication3\consoleapplication3\x64\debug\667. beautiful arrangement ii.obj
c:\users\dsahu\source\repos\consoleapplication3\consoleapplication3\consoleapplication3\x64\debug\65. valid number.obj
c:\users\dsahu\source\repos\consoleapplication3\consoleapplication3\consoleapplication3\x64\debug\637. average of levels in binary tree.obj
c:\users\dsahu\source\repos\consoleapplication3\consoleapplication3\consoleapplication3\x64\debug\636. exclusive time of functions.obj
c:\users\dsahu\source\repos\consoleapplication3\consoleapplication3\consoleapplication3\x64\debug\621. task scheduler.obj
c:\users\dsahu\source\repos\consoleapplication3\consoleapplication3\consoleapplication3\x64\debug\29. unique paths.obj
c:\users\dsahu\source\repos\consoleapplication3\consoleapplication3\consoleapplication3\x64\debug\6.majority element.obj
c:\users\dsahu\source\repos\consoleapplication3\consoleapplication3\consoleapplication3\x64\debug\6.random pick with weight.obj
c:\users\dsahu\source\repos\consoleapplication3\consoleapplication3\consoleapplication3\x64\debug\6.populating next right pointers in each node ii.obj
c:\users\dsahu\source\repos\consoleapplication3\consoleapplication3\consoleapplication3\x64\debug\6.find all duplicates in an array.obj
c:\users\dsahu\source\repos\consoleapplication3\consoleapplication3\consoleapplication3\x64\debug\6. kth missing positive number.obj
c:\users\dsahu\source\repos\consoleapplication3\consoleapplication3\consoleapplication3\x64\debug\6. find the smallest divisor given a threshold.obj
c:\users\dsahu\source\repos\consoleapplication3\consoleapplication3\consoleapplication3\x64\debug\560. subarray sum equals k.obj
c:\users\dsahu\source\repos\consoleapplication3\consoleapplication3\consoleapplication3\x64\debug\543. diameter of binary tree.obj
c:\users\dsahu\source\repos\consoleapplication3\consoleapplication3\consoleapplication3\x64\debug\542. 01 matrix.obj
c:\users\dsahu\source\repos\consoleapplication3\consoleapplication3\consoleapplication3\x64\debug\523. continuous subarray sum.obj
c:\users\dsahu\source\repos\consoleapplication3\consoleapplication3\consoleapplication3\x64\debug\50. pow(x, n).obj
c:\users\dsahu\source\repos\consoleapplication3\consoleapplication3\consoleapplication3\x64\debug\8.3sum.obj
c:\users\dsahu\source\repos\consoleapplication3\consoleapplication3\consoleapplication3\x64\debug\8. path sum iii.obj
c:\users\dsahu\source\repos\consoleapplication3\consoleapplication3\consoleapplication3\x64\debug\8. pairs of songs with total durations divisible by 60.obj
c:\users\dsahu\source\repos\consoleapplication3\consoleapplication3\consoleapplication3\x64\debug\8. check if two string arrays are equivalent.obj
c:\users\dsahu\source\repos\consoleapplication3\consoleapplication3\consoleapplication3\x64\debug\8. binary tree tilt.obj
c:\users\dsahu\source\repos\consoleapplication3\consoleapplication3\consoleapplication3\x64\debug\785. is graph bipartite.obj
c:\users\dsahu\source\repos\consoleapplication3\consoleapplication3\consoleapplication3\x64\debug\76. minimum window substring.obj
c:\users\dsahu\source\repos\consoleapplication3\consoleapplication3\consoleapplication3\x64\debug\721. accounts merge.obj
c:\users\dsahu\source\repos\consoleapplication3\consoleapplication3\consoleapplication3\x64\debug\71. simplify path.obj
c:\users\dsahu\source\repos\consoleapplication3\consoleapplication3\consoleapplication3\x64\debug\708. insert into a sorted circular linked list.obj
c:\users\dsahu\source\repos\consoleapplication3\consoleapplication3\consoleapplication3\x64\debug\7.vertical order traversal of a binary tree.obj
c:\users\dsahu\source\repos\consoleapplication3\consoleapplication3\consoleapplication3\x64\debug\7.island perimeter.obj
c:\users\dsahu\source\repos\consoleapplication3\consoleapplication3\consoleapplication3\x64\debug\7.cousins in binary tree.obj
c:\users\dsahu\source\repos\consoleapplication3\consoleapplication3\consoleapplication3\x64\debug\7. spiral matrix ii.obj
c:\users\dsahu\source\repos\consoleapplication3\consoleapplication3\consoleapplication3\x64\debug\1351. count negative numbers in a sorted matrix.obj
c:\users\dsahu\source\repos\consoleapplication3\consoleapplication3\consoleapplication3\x64\debug\1342. number of steps to reduce a number to zero.obj
c:\users\dsahu\source\repos\consoleapplication3\consoleapplication3\consoleapplication3\x64\debug\7. reverse integer.obj
c:\users\dsahu\source\repos\consoleapplication3\consoleapplication3\consoleapplication3\x64\debug\7. coin change 2.obj
c:\users\dsahu\source\repos\consoleapplication3\consoleapplication3\consoleapplication3\x64\debug\7. add two numbers ii.obj
c:\users\dsahu\source\repos\consoleapplication3\consoleapplication3\consoleapplication3\x64\debug\7. longest substring without repeating characters.obj
c:\users\dsahu\source\repos\consoleapplication3\consoleapplication3\consoleapplication3\x64\debug\createatreewitharray.obj
c:\users\dsahu\source\repos\consoleapplication3\consoleapplication3\consoleapplication3\x64\debug\1762. buildings with an ocean view.obj
c:\users\dsahu\source\repos\consoleapplication3\consoleapplication3\consoleapplication3\x64\debug\22. basic calculator ii.obj
c:\users\dsahu\source\repos\consoleapplication3\consoleapplication3\consoleapplication3\x64\debug\974. subarray sums divisible by k.obj
c:\users\dsahu\source\repos\consoleapplication3\consoleapplication3\consoleapplication3\x64\debug\958. check completeness of a binary tree.obj
c:\users\dsahu\source\repos\consoleapplication3\consoleapplication3\consoleapplication3\x64\debug\953. verifying an alien dictionary.obj
c:\users\dsahu\source\repos\consoleapplication3\consoleapplication3\consoleapplication3\x64\debug\95. unique binary search trees ii.obj
c:\users\dsahu\source\repos\consoleapplication3\consoleapplication3\consoleapplication3\x64\debug\9.valid perfect square.obj
c:\users\dsahu\source\repos\consoleapplication3\consoleapplication3\consoleapplication3\x64\debug\9.maximum width of binary tree.obj
c:\users\dsahu\source\repos\consoleapplication3\consoleapplication3\consoleapplication3\x64\debug\9.is subsequence.obj
c:\users\dsahu\source\repos\consoleapplication3\consoleapplication3\consoleapplication3\x64\debug\9. word ladder.obj
c:\users\dsahu\source\repos\consoleapplication3\consoleapplication3\consoleapplication3\x64\debug\9. valid mountain array.obj
c:\users\dsahu\source\repos\consoleapplication3\consoleapplication3\consoleapplication3\x64\debug\9. rotting oranges.obj
c:\users\dsahu\source\repos\consoleapplication3\consoleapplication3\consoleapplication3\x64\debug\9. maximum difference between node and ancestor.obj
c:\users\dsahu\source\repos\consoleapplication3\consoleapplication3\consoleapplication3\x64\debug\896. monotonic array.obj
c:\users\dsahu\source\repos\consoleapplication3\consoleapplication3\consoleapplication3\x64\debug\848. shifting letters.obj
c:\users\dsahu\source\repos\consoleapplication3\consoleapplication3\consoleapplication3\x64\debug\827. making a large island.obj
c:\users\dsahu\source\repos\consoleapplication3\consoleapplication3\consoleapplication3\x64\debug\804. unique morse code words.obj
c:\users\dsahu\source\repos\consoleapplication3\consoleapplication3\consoleapplication3\x64\debug\8.power of two.obj
c:\users\dsahu\source\repos\consoleapplication3\consoleapplication3\consoleapplication3\x64\debug\8.check if it is a straight line.obj
c:\users\dsahu\source\repos\consoleapplication3\consoleapplication3\consoleapplication3\x64\debug\subset sum.obj
c:\users\dsahu\source\repos\consoleapplication3\consoleapplication3\consoleapplication3\x64\debug\844. backspace string compare.obj
c:\users\dsahu\source\repos\consoleapplication3\consoleapplication3\consoleapplication3\x64\debug\23.single number iii.obj
c:\users\dsahu\source\repos\consoleapplication3\consoleapplication3\consoleapplication3\x64\debug\shashwat.obj
c:\users\dsahu\source\repos\consoleapplication3\consoleapplication3\consoleapplication3\x64\debug\12.pascal's triangle ii.obj
c:\users\dsahu\source\repos\consoleapplication3\consoleapplication3\consoleapplication3\x64\debug\19. remove nth node from end of list.obj
c:\users\dsahu\source\repos\consoleapplication3\consoleapplication3\consoleapplication3\x64\debug\linkedlist.obj
c:\users\dsahu\source\repos\consoleapplication3\consoleapplication3\consoleapplication3\x64\debug\isbinarytreeaavg.obj
c:\users\dsahu\source\repos\consoleapplication3\consoleapplication3\consoleapplication3\x64\debug\interviewbit_sum binary tree or not.obj
c:\users\dsahu\source\repos\consoleapplication3\consoleapplication3\consoleapplication3\x64\debug\house robber ii.obj
c:\users\dsahu\source\repos\consoleapplication3\consoleapplication3\consoleapplication3\x64\debug\12.insert delete getrandom o(1).obj
c:\users\dsahu\source\repos\consoleapplication3\consoleapplication3\consoleapplication3\x64\debug\3.ransom note.obj
c:\users\dsahu\source\repos\consoleapplication3\consoleapplication3\consoleapplication3\x64\debug\oindrilla 1.obj
c:\users\dsahu\source\repos\consoleapplication3\consoleapplication3\consoleapplication3\x64\debug\oindrill2cpp.obj
c:\users\dsahu\source\repos\consoleapplication3\consoleapplication3\x64\debug\leetcode.pdb
c:\users\dsahu\source\repos\consoleapplication3\consoleapplication3\consoleapplication3\x64\debug\leetcode.tlog\cl.command.1.tlog
c:\users\dsahu\source\repos\consoleapplication3\consoleapplication3\consoleapplication3\x64\debug\leetcode.tlog\cl.read.1.tlog
c:\users\dsahu\source\repos\consoleapplication3\consoleapplication3\consoleapplication3\x64\debug\leetcode.tlog\cl.write.1.tlog
c:\users\dsahu\source\repos\consoleapplication3\consoleapplication3\consoleapplication3\x64\debug\leetcode.tlog\link-cvtres.read.1.tlog
c:\users\dsahu\source\repos\consoleapplication3\consoleapplication3\consoleapplication3\x64\debug\leetcode.tlog\link-cvtres.write.1.tlog
c:\users\dsahu\source\repos\consoleapplication3\consoleapplication3\consoleapplication3\x64\debug\leetcode.tlog\link-rc.read.1.tlog
c:\users\dsahu\source\repos\consoleapplication3\consoleapplication3\consoleapplication3\x64\debug\leetcode.tlog\link-rc.write.1.tlog
c:\users\dsahu\source\repos\consoleapplication3\consoleapplication3\consoleapplication3\x64\debug\leetcode.tlog\link.command.1.tlog
c:\users\dsahu\source\repos\consoleapplication3\consoleapplication3\consoleapplication3\x64\debug\leetcode.tlog\link.read.1.tlog
c:\users\dsahu\source\repos\consoleapplication3\consoleapplication3\consoleapplication3\x64\debug\leetcode.tlog\link.write.1.tlog
